(0.001) 
            SELECT name, type FROM sqlite_master
            WHERE type in ('table', 'view') AND NOT name='sqlite_sequence'
            ORDER BY name; args=None
(0.000) SELECT "django_migrations"."app", "django_migrations"."name" FROM "django_migrations"; args=()
Daphne running, listening on 127.0.0.1:8080
(0.009) 
            SELECT name, type FROM sqlite_master
            WHERE type in ('table', 'view') AND NOT name='sqlite_sequence'
            ORDER BY name; args=None
(0.000) SELECT "django_migrations"."app", "django_migrations"."name" FROM "django_migrations"; args=()
Daphne running, listening on 127.0.0.1:8080
(0.001) 
            SELECT name, type FROM sqlite_master
            WHERE type in ('table', 'view') AND NOT name='sqlite_sequence'
            ORDER BY name; args=None
(0.000) SELECT "django_migrations"."app", "django_migrations"."name" FROM "django_migrations"; args=()
Daphne running, listening on 127.0.0.1:8080
(0.001) 
            SELECT name, type FROM sqlite_master
            WHERE type in ('table', 'view') AND NOT name='sqlite_sequence'
            ORDER BY name; args=None
(0.001) SELECT "django_migrations"."app", "django_migrations"."name" FROM "django_migrations"; args=()
Daphne running, listening on 127.0.0.1:8080
[mHTTP GET /graphql/ 200 [0.01, 127.0.0.1:48462][0m
(0.001) SELECT "django_session"."session_key", "django_session"."session_data", "django_session"."expire_date" FROM "django_session" WHERE ("django_session"."expire_date" > '2019-03-23 09:18:03.480339' AND "django_session"."session_key" = 'n1nhfpprhffyiqs2qt7kb4n8f8t909lc'); args=('2019-03-23 09:18:03.480339', 'n1nhfpprhffyiqs2qt7kb4n8f8t909lc')
(0.001) SELECT "api_user"."id", "api_user"."password", "api_user"."last_login", "api_user"."is_superuser", "api_user"."username", "api_user"."first_name", "api_user"."last_name", "api_user"."email", "api_user"."is_staff", "api_user"."is_active", "api_user"."date_joined" FROM "api_user" WHERE "api_user"."id" = 1; args=(1,)
[mHTTP POST /graphql/? 200 [0.22, 127.0.0.1:48462][0m
(0.001) SELECT "django_session"."session_key", "django_session"."session_data", "django_session"."expire_date" FROM "django_session" WHERE ("django_session"."expire_date" > '2019-03-23 09:18:04.276488' AND "django_session"."session_key" = 'n1nhfpprhffyiqs2qt7kb4n8f8t909lc'); args=('2019-03-23 09:18:04.276488', 'n1nhfpprhffyiqs2qt7kb4n8f8t909lc')
(0.000) SELECT "api_user"."id", "api_user"."password", "api_user"."last_login", "api_user"."is_superuser", "api_user"."username", "api_user"."first_name", "api_user"."last_name", "api_user"."email", "api_user"."is_staff", "api_user"."is_active", "api_user"."date_joined" FROM "api_user" WHERE "api_user"."id" = 1; args=(1,)
(0.000) SELECT COUNT(*) AS "__count" FROM "api_right"; args=()
(0.000) SELECT COUNT(*) AS "__count" FROM "api_right"; args=()
(0.000) SELECT "api_right"."id", "api_right"."right", "api_right"."user_id", "api_right"."server_id" FROM "api_right" ORDER BY "api_right"."id" DESC; args=()
Exception while resolving variable 'errors' in template 'admin/change_list.html'.
Traceback (most recent call last):
  File "/home/bastien/.local/lib/python3.6/site-packages/django/template/base.py", line 829, in _resolve_lookup
    current = current[bit]
TypeError: 'NoneType' object is not subscriptable

During handling of the above exception, another exception occurred:

Traceback (most recent call last):
  File "/home/bastien/.local/lib/python3.6/site-packages/django/template/base.py", line 837, in _resolve_lookup
    current = getattr(current, bit)
AttributeError: 'NoneType' object has no attribute 'errors'

During handling of the above exception, another exception occurred:

Traceback (most recent call last):
  File "/home/bastien/.local/lib/python3.6/site-packages/django/template/base.py", line 843, in _resolve_lookup
    current = current[int(bit)]
ValueError: invalid literal for int() with base 10: 'errors'

During handling of the above exception, another exception occurred:

Traceback (most recent call last):
  File "/home/bastien/.local/lib/python3.6/site-packages/django/template/base.py", line 850, in _resolve_lookup
    (bit, current))  # missing attribute
django.template.base.VariableDoesNotExist: Failed lookup for key [errors] in None
Exception while resolving variable 'show' in template 'admin/change_list.html'.
Traceback (most recent call last):
  File "/home/bastien/.local/lib/python3.6/site-packages/django/template/base.py", line 829, in _resolve_lookup
    current = current[bit]
  File "/home/bastien/.local/lib/python3.6/site-packages/django/template/context.py", line 83, in __getitem__
    raise KeyError(key)
KeyError: 'show'

During handling of the above exception, another exception occurred:

Traceback (most recent call last):
  File "/home/bastien/.local/lib/python3.6/site-packages/django/template/base.py", line 835, in _resolve_lookup
    if isinstance(current, BaseContext) and getattr(type(current), bit):
AttributeError: type object 'RequestContext' has no attribute 'show'

During handling of the above exception, another exception occurred:

Traceback (most recent call last):
  File "/home/bastien/.local/lib/python3.6/site-packages/django/template/base.py", line 843, in _resolve_lookup
    current = current[int(bit)]
ValueError: invalid literal for int() with base 10: 'show'

During handling of the above exception, another exception occurred:

Traceback (most recent call last):
  File "/home/bastien/.local/lib/python3.6/site-packages/django/template/base.py", line 850, in _resolve_lookup
    (bit, current))  # missing attribute
django.template.base.VariableDoesNotExist: Failed lookup for key [show] in [{'True': True, 'False': False, 'None': None, 'csrf_token': <SimpleLazyObject: <function csrf.<locals>._get_val at 0x7f14143d0510>>}]
Exception while resolving variable 'is_multipart' in template 'admin/change_list.html'.
Traceback (most recent call last):
  File "/home/bastien/.local/lib/python3.6/site-packages/django/template/base.py", line 829, in _resolve_lookup
    current = current[bit]
TypeError: 'NoneType' object is not subscriptable

During handling of the above exception, another exception occurred:

Traceback (most recent call last):
  File "/home/bastien/.local/lib/python3.6/site-packages/django/template/base.py", line 837, in _resolve_lookup
    current = getattr(current, bit)
AttributeError: 'NoneType' object has no attribute 'is_multipart'

During handling of the above exception, another exception occurred:

Traceback (most recent call last):
  File "/home/bastien/.local/lib/python3.6/site-packages/django/template/base.py", line 843, in _resolve_lookup
    current = current[int(bit)]
ValueError: invalid literal for int() with base 10: 'is_multipart'

During handling of the above exception, another exception occurred:

Traceback (most recent call last):
  File "/home/bastien/.local/lib/python3.6/site-packages/django/template/base.py", line 850, in _resolve_lookup
    (bit, current))  # missing attribute
django.template.base.VariableDoesNotExist: Failed lookup for key [is_multipart] in None
(0.000) SELECT "api_server"."id", "api_server"."name", "api_server"."user_adding_right" FROM "api_server" WHERE "api_server"."id" = 3; args=(3,)
(0.000) SELECT "api_user"."id", "api_user"."password", "api_user"."last_login", "api_user"."is_superuser", "api_user"."username", "api_user"."first_name", "api_user"."last_name", "api_user"."email", "api_user"."is_staff", "api_user"."is_active", "api_user"."date_joined" FROM "api_user" WHERE "api_user"."id" = 11; args=(11,)
(0.000) SELECT "api_server"."id", "api_server"."name", "api_server"."user_adding_right" FROM "api_server" WHERE "api_server"."id" = 3; args=(3,)
(0.000) SELECT "api_user"."id", "api_user"."password", "api_user"."last_login", "api_user"."is_superuser", "api_user"."username", "api_user"."first_name", "api_user"."last_name", "api_user"."email", "api_user"."is_staff", "api_user"."is_active", "api_user"."date_joined" FROM "api_user" WHERE "api_user"."id" = 1; args=(1,)
(0.000) SELECT "api_server"."id", "api_server"."name", "api_server"."user_adding_right" FROM "api_server" WHERE "api_server"."id" = 1; args=(1,)
(0.000) SELECT "api_user"."id", "api_user"."password", "api_user"."last_login", "api_user"."is_superuser", "api_user"."username", "api_user"."first_name", "api_user"."last_name", "api_user"."email", "api_user"."is_staff", "api_user"."is_active", "api_user"."date_joined" FROM "api_user" WHERE "api_user"."id" = 3; args=(3,)
(0.000) SELECT "api_server"."id", "api_server"."name", "api_server"."user_adding_right" FROM "api_server" WHERE "api_server"."id" = 1; args=(1,)
(0.000) SELECT "api_user"."id", "api_user"."password", "api_user"."last_login", "api_user"."is_superuser", "api_user"."username", "api_user"."first_name", "api_user"."last_name", "api_user"."email", "api_user"."is_staff", "api_user"."is_active", "api_user"."date_joined" FROM "api_user" WHERE "api_user"."id" = 2; args=(2,)
Exception while resolving variable 'non_field_errors' in template 'admin/change_list.html'.
Traceback (most recent call last):
  File "/home/bastien/.local/lib/python3.6/site-packages/django/template/base.py", line 829, in _resolve_lookup
    current = current[bit]
TypeError: 'NoneType' object is not subscriptable

During handling of the above exception, another exception occurred:

Traceback (most recent call last):
  File "/home/bastien/.local/lib/python3.6/site-packages/django/template/base.py", line 837, in _resolve_lookup
    current = getattr(current, bit)
AttributeError: 'NoneType' object has no attribute 'non_field_errors'

During handling of the above exception, another exception occurred:

Traceback (most recent call last):
  File "/home/bastien/.local/lib/python3.6/site-packages/django/template/base.py", line 843, in _resolve_lookup
    current = current[int(bit)]
ValueError: invalid literal for int() with base 10: 'non_field_errors'

During handling of the above exception, another exception occurred:

Traceback (most recent call last):
  File "/home/bastien/.local/lib/python3.6/site-packages/django/template/base.py", line 850, in _resolve_lookup
    (bit, current))  # missing attribute
django.template.base.VariableDoesNotExist: Failed lookup for key [non_field_errors] in None
Exception while resolving variable 'non_field_errors' in template 'admin/change_list.html'.
Traceback (most recent call last):
  File "/home/bastien/.local/lib/python3.6/site-packages/django/template/base.py", line 829, in _resolve_lookup
    current = current[bit]
TypeError: 'NoneType' object is not subscriptable

During handling of the above exception, another exception occurred:

Traceback (most recent call last):
  File "/home/bastien/.local/lib/python3.6/site-packages/django/template/base.py", line 837, in _resolve_lookup
    current = getattr(current, bit)
AttributeError: 'NoneType' object has no attribute 'non_field_errors'

During handling of the above exception, another exception occurred:

Traceback (most recent call last):
  File "/home/bastien/.local/lib/python3.6/site-packages/django/template/base.py", line 843, in _resolve_lookup
    current = current[int(bit)]
ValueError: invalid literal for int() with base 10: 'non_field_errors'

During handling of the above exception, another exception occurred:

Traceback (most recent call last):
  File "/home/bastien/.local/lib/python3.6/site-packages/django/template/base.py", line 850, in _resolve_lookup
    (bit, current))  # missing attribute
django.template.base.VariableDoesNotExist: Failed lookup for key [non_field_errors] in None
Exception while resolving variable 'non_field_errors' in template 'admin/change_list.html'.
Traceback (most recent call last):
  File "/home/bastien/.local/lib/python3.6/site-packages/django/template/base.py", line 829, in _resolve_lookup
    current = current[bit]
TypeError: 'NoneType' object is not subscriptable

During handling of the above exception, another exception occurred:

Traceback (most recent call last):
  File "/home/bastien/.local/lib/python3.6/site-packages/django/template/base.py", line 837, in _resolve_lookup
    current = getattr(current, bit)
AttributeError: 'NoneType' object has no attribute 'non_field_errors'

During handling of the above exception, another exception occurred:

Traceback (most recent call last):
  File "/home/bastien/.local/lib/python3.6/site-packages/django/template/base.py", line 843, in _resolve_lookup
    current = current[int(bit)]
ValueError: invalid literal for int() with base 10: 'non_field_errors'

During handling of the above exception, another exception occurred:

Traceback (most recent call last):
  File "/home/bastien/.local/lib/python3.6/site-packages/django/template/base.py", line 850, in _resolve_lookup
    (bit, current))  # missing attribute
django.template.base.VariableDoesNotExist: Failed lookup for key [non_field_errors] in None
Exception while resolving variable 'non_field_errors' in template 'admin/change_list.html'.
Traceback (most recent call last):
  File "/home/bastien/.local/lib/python3.6/site-packages/django/template/base.py", line 829, in _resolve_lookup
    current = current[bit]
TypeError: 'NoneType' object is not subscriptable

During handling of the above exception, another exception occurred:

Traceback (most recent call last):
  File "/home/bastien/.local/lib/python3.6/site-packages/django/template/base.py", line 837, in _resolve_lookup
    current = getattr(current, bit)
AttributeError: 'NoneType' object has no attribute 'non_field_errors'

During handling of the above exception, another exception occurred:

Traceback (most recent call last):
  File "/home/bastien/.local/lib/python3.6/site-packages/django/template/base.py", line 843, in _resolve_lookup
    current = current[int(bit)]
ValueError: invalid literal for int() with base 10: 'non_field_errors'

During handling of the above exception, another exception occurred:

Traceback (most recent call last):
  File "/home/bastien/.local/lib/python3.6/site-packages/django/template/base.py", line 850, in _resolve_lookup
    (bit, current))  # missing attribute
django.template.base.VariableDoesNotExist: Failed lookup for key [non_field_errors] in None
[mHTTP GET /admin/api/right/ 200 [0.08, 127.0.0.1:48462][0m
(0.002) SELECT "django_session"."session_key", "django_session"."session_data", "django_session"."expire_date" FROM "django_session" WHERE ("django_session"."expire_date" > '2019-03-23 09:18:04.430881' AND "django_session"."session_key" = 'n1nhfpprhffyiqs2qt7kb4n8f8t909lc'); args=('2019-03-23 09:18:04.430881', 'n1nhfpprhffyiqs2qt7kb4n8f8t909lc')
(0.000) SELECT "api_user"."id", "api_user"."password", "api_user"."last_login", "api_user"."is_superuser", "api_user"."username", "api_user"."first_name", "api_user"."last_name", "api_user"."email", "api_user"."is_staff", "api_user"."is_active", "api_user"."date_joined" FROM "api_user" WHERE "api_user"."id" = 1; args=(1,)
[mHTTP GET /admin/jsi18n/ 200 [0.01, 127.0.0.1:48462][0m
[mHTTP GET /static/admin/img/tooltag-add.svg 200 [0.00, 127.0.0.1:48462][0m
[mHTTP OPTIONS /graphql/ 200 [0.00, 127.0.0.1:48492][0m
(0.001) SELECT "api_user"."id", "api_user"."password", "api_user"."last_login", "api_user"."is_superuser", "api_user"."username", "api_user"."first_name", "api_user"."last_name", "api_user"."email", "api_user"."is_staff", "api_user"."is_active", "api_user"."date_joined" FROM "api_user" WHERE "api_user"."username" = 'admin'; args=('admin',)
[mHTTP POST /graphql/ 200 [0.10, 127.0.0.1:48492][0m
(0.001) SELECT "api_user"."id", "api_user"."password", "api_user"."last_login", "api_user"."is_superuser", "api_user"."username", "api_user"."first_name", "api_user"."last_name", "api_user"."email", "api_user"."is_staff", "api_user"."is_active", "api_user"."date_joined" FROM "api_user" WHERE "api_user"."username" = 'admin'; args=('admin',)
(0.002) SELECT "api_user"."id", "api_user"."password", "api_user"."last_login", "api_user"."is_superuser", "api_user"."username", "api_user"."first_name", "api_user"."last_name", "api_user"."email", "api_user"."is_staff", "api_user"."is_active", "api_user"."date_joined" FROM "api_user" WHERE "api_user"."username" = 'admin'; args=('admin',)
(0.002) SELECT "api_user"."id", "api_user"."password", "api_user"."last_login", "api_user"."is_superuser", "api_user"."username", "api_user"."first_name", "api_user"."last_name", "api_user"."email", "api_user"."is_staff", "api_user"."is_active", "api_user"."date_joined" FROM "api_user" INNER JOIN "api_user_friends" ON ("api_user"."id" = "api_user_friends"."to_user_id") WHERE "api_user_friends"."from_user_id" = 1; args=(1,)
(0.001) SELECT "api_server"."id", "api_server"."name", "api_server"."user_adding_right" FROM "api_server" INNER JOIN "api_right" ON ("api_server"."id" = "api_right"."server_id") WHERE "api_right"."user_id" = 1; args=(1,)
[mHTTP POST /graphql/ 200 [0.02, 127.0.0.1:48492][0m
(0.000) SELECT "api_channel"."id", "api_channel"."name", "api_channel"."direct_type", "api_channel"."server_id", "api_channel"."user_one_id", "api_channel"."user_two_id" FROM "api_channel" WHERE "api_channel"."server_id" = 3; args=(3,)
[mHTTP POST /graphql/ 200 [0.02, 127.0.0.1:48494][0m
(0.001) SELECT "api_user"."id", "api_user"."password", "api_user"."last_login", "api_user"."is_superuser", "api_user"."username", "api_user"."first_name", "api_user"."last_name", "api_user"."email", "api_user"."is_staff", "api_user"."is_active", "api_user"."date_joined" FROM "api_user" WHERE "api_user"."username" = 'admin'; args=('admin',)
[mHTTP POST /graphql/ 200 [0.11, 127.0.0.1:48730][0m
(0.003) SELECT "api_user"."id", "api_user"."password", "api_user"."last_login", "api_user"."is_superuser", "api_user"."username", "api_user"."first_name", "api_user"."last_name", "api_user"."email", "api_user"."is_staff", "api_user"."is_active", "api_user"."date_joined" FROM "api_user" WHERE "api_user"."username" = 'admin'; args=('admin',)
(0.001) SELECT "api_user"."id", "api_user"."password", "api_user"."last_login", "api_user"."is_superuser", "api_user"."username", "api_user"."first_name", "api_user"."last_name", "api_user"."email", "api_user"."is_staff", "api_user"."is_active", "api_user"."date_joined" FROM "api_user" INNER JOIN "api_user_friends" ON ("api_user"."id" = "api_user_friends"."to_user_id") WHERE "api_user_friends"."from_user_id" = 1; args=(1,)
[mHTTP POST /graphql/ 200 [0.01, 127.0.0.1:48730][0m
(0.005) SELECT "api_user"."id", "api_user"."password", "api_user"."last_login", "api_user"."is_superuser", "api_user"."username", "api_user"."first_name", "api_user"."last_name", "api_user"."email", "api_user"."is_staff", "api_user"."is_active", "api_user"."date_joined" FROM "api_user" WHERE "api_user"."username" = 'admin'; args=('admin',)
(0.001) SELECT "api_server"."id", "api_server"."name", "api_server"."user_adding_right" FROM "api_server" INNER JOIN "api_right" ON ("api_server"."id" = "api_right"."server_id") WHERE "api_right"."user_id" = 1; args=(1,)
(0.001) SELECT "api_channel"."id", "api_channel"."name", "api_channel"."direct_type", "api_channel"."server_id", "api_channel"."user_one_id", "api_channel"."user_two_id" FROM "api_channel" WHERE "api_channel"."server_id" = 3; args=(3,)
[mHTTP POST /graphql/ 200 [0.02, 127.0.0.1:48732][0m
(0.001) SELECT "api_user"."id", "api_user"."password", "api_user"."last_login", "api_user"."is_superuser", "api_user"."username", "api_user"."first_name", "api_user"."last_name", "api_user"."email", "api_user"."is_staff", "api_user"."is_active", "api_user"."date_joined" FROM "api_user" WHERE "api_user"."username" = 'admin'; args=('admin',)
(0.003) SELECT "api_user"."id", "api_user"."password", "api_user"."last_login", "api_user"."is_superuser", "api_user"."username", "api_user"."first_name", "api_user"."last_name", "api_user"."email", "api_user"."is_staff", "api_user"."is_active", "api_user"."date_joined" FROM "api_user" WHERE "api_user"."username" = 'admin'; args=('admin',)
(0.000) SELECT "api_server"."id", "api_server"."name", "api_server"."user_adding_right" FROM "api_server" INNER JOIN "api_right" ON ("api_server"."id" = "api_right"."server_id") WHERE "api_right"."user_id" = 1; args=(1,)
(0.001) SELECT "api_user"."id", "api_user"."password", "api_user"."last_login", "api_user"."is_superuser", "api_user"."username", "api_user"."first_name", "api_user"."last_name", "api_user"."email", "api_user"."is_staff", "api_user"."is_active", "api_user"."date_joined" FROM "api_user" INNER JOIN "api_user_friends" ON ("api_user"."id" = "api_user_friends"."to_user_id") WHERE "api_user_friends"."from_user_id" = 1; args=(1,)
(0.000) SELECT "api_channel"."id", "api_channel"."name", "api_channel"."direct_type", "api_channel"."server_id", "api_channel"."user_one_id", "api_channel"."user_two_id" FROM "api_channel" WHERE "api_channel"."server_id" = 3; args=(3,)
[mHTTP POST /graphql/ 200 [0.02, 127.0.0.1:48730][0m
[mHTTP POST /graphql/ 200 [0.02, 127.0.0.1:48732][0m
(0.003) SELECT "api_user"."id", "api_user"."password", "api_user"."last_login", "api_user"."is_superuser", "api_user"."username", "api_user"."first_name", "api_user"."last_name", "api_user"."email", "api_user"."is_staff", "api_user"."is_active", "api_user"."date_joined" FROM "api_user" WHERE "api_user"."username" = 'admin'; args=('admin',)
(0.002) SELECT "api_user"."id", "api_user"."password", "api_user"."last_login", "api_user"."is_superuser", "api_user"."username", "api_user"."first_name", "api_user"."last_name", "api_user"."email", "api_user"."is_staff", "api_user"."is_active", "api_user"."date_joined" FROM "api_user" WHERE "api_user"."username" = 'admin'; args=('admin',)
(0.001) SELECT "api_user"."id", "api_user"."password", "api_user"."last_login", "api_user"."is_superuser", "api_user"."username", "api_user"."first_name", "api_user"."last_name", "api_user"."email", "api_user"."is_staff", "api_user"."is_active", "api_user"."date_joined" FROM "api_user" INNER JOIN "api_user_friends" ON ("api_user"."id" = "api_user_friends"."to_user_id") WHERE "api_user_friends"."from_user_id" = 1; args=(1,)
(0.001) SELECT "api_server"."id", "api_server"."name", "api_server"."user_adding_right" FROM "api_server" INNER JOIN "api_right" ON ("api_server"."id" = "api_right"."server_id") WHERE "api_right"."user_id" = 1; args=(1,)
[mHTTP POST /graphql/ 200 [0.01, 127.0.0.1:48730][0m
(0.000) SELECT "api_channel"."id", "api_channel"."name", "api_channel"."direct_type", "api_channel"."server_id", "api_channel"."user_one_id", "api_channel"."user_two_id" FROM "api_channel" WHERE "api_channel"."server_id" = 3; args=(3,)
[mHTTP POST /graphql/ 200 [0.01, 127.0.0.1:48732][0m
(0.002) SELECT "api_user"."id", "api_user"."password", "api_user"."last_login", "api_user"."is_superuser", "api_user"."username", "api_user"."first_name", "api_user"."last_name", "api_user"."email", "api_user"."is_staff", "api_user"."is_active", "api_user"."date_joined" FROM "api_user" WHERE "api_user"."username" = 'admin'; args=('admin',)
(0.001) SELECT "api_server"."id", "api_server"."name", "api_server"."user_adding_right" FROM "api_server" WHERE "api_server"."id" = 3; args=(3,)
(0.001) SELECT "api_channel"."id", "api_channel"."name", "api_channel"."direct_type", "api_channel"."server_id", "api_channel"."user_one_id", "api_channel"."user_two_id" FROM "api_channel" WHERE "api_channel"."server_id" = 3; args=(3,)
[mHTTP POST /graphql/ 200 [0.02, 127.0.0.1:48730][0m
WebSocket HANDSHAKING /ws/channel/6/ [127.0.0.1:48744]
(0.001) SELECT "api_user"."id", "api_user"."password", "api_user"."last_login", "api_user"."is_superuser", "api_user"."username", "api_user"."first_name", "api_user"."last_name", "api_user"."email", "api_user"."is_staff", "api_user"."is_active", "api_user"."date_joined" FROM "api_user" WHERE "api_user"."username" = 'admin'; args=('admin',)
(0.001) SELECT "api_channel"."id", "api_channel"."name", "api_channel"."direct_type", "api_channel"."server_id", "api_channel"."user_one_id", "api_channel"."user_two_id" FROM "api_channel" WHERE "api_channel"."id" = 6; args=(6,)
(0.000) SELECT "api_message"."id", "api_message"."text", "api_message"."date", "api_message"."channel_id", "api_message"."user_id" FROM "api_message" WHERE "api_message"."channel_id" = 6; args=(6,)
(0.000) SELECT "api_user"."id", "api_user"."password", "api_user"."last_login", "api_user"."is_superuser", "api_user"."username", "api_user"."first_name", "api_user"."last_name", "api_user"."email", "api_user"."is_staff", "api_user"."is_active", "api_user"."date_joined" FROM "api_user" WHERE "api_user"."id" = 1; args=(1,)
(0.001) SELECT "django_session"."session_key", "django_session"."session_data", "django_session"."expire_date" FROM "django_session" WHERE ("django_session"."expire_date" > '2019-03-23 09:29:00.924859' AND "django_session"."session_key" = 'n1nhfpprhffyiqs2qt7kb4n8f8t909lc'); args=('2019-03-23 09:29:00.924859', 'n1nhfpprhffyiqs2qt7kb4n8f8t909lc')
(0.001) SELECT "api_user"."id", "api_user"."password", "api_user"."last_login", "api_user"."is_superuser", "api_user"."username", "api_user"."first_name", "api_user"."last_name", "api_user"."email", "api_user"."is_staff", "api_user"."is_active", "api_user"."date_joined" FROM "api_user" WHERE "api_user"."id" = 1; args=(1,)
(0.001) SELECT "api_user"."id", "api_user"."password", "api_user"."last_login", "api_user"."is_superuser", "api_user"."username", "api_user"."first_name", "api_user"."last_name", "api_user"."email", "api_user"."is_staff", "api_user"."is_active", "api_user"."date_joined" FROM "api_user" WHERE "api_user"."id" = 1; args=(1,)
(0.000) SELECT "api_user"."id", "api_user"."password", "api_user"."last_login", "api_user"."is_superuser", "api_user"."username", "api_user"."first_name", "api_user"."last_name", "api_user"."email", "api_user"."is_staff", "api_user"."is_active", "api_user"."date_joined" FROM "api_user" WHERE "api_user"."id" = 1; args=(1,)
(0.000) SELECT "api_user"."id", "api_user"."password", "api_user"."last_login", "api_user"."is_superuser", "api_user"."username", "api_user"."first_name", "api_user"."last_name", "api_user"."email", "api_user"."is_staff", "api_user"."is_active", "api_user"."date_joined" FROM "api_user" WHERE "api_user"."id" = 1; args=(1,)
(0.000) SELECT "api_user"."id", "api_user"."password", "api_user"."last_login", "api_user"."is_superuser", "api_user"."username", "api_user"."first_name", "api_user"."last_name", "api_user"."email", "api_user"."is_staff", "api_user"."is_active", "api_user"."date_joined" FROM "api_user" WHERE "api_user"."id" = 11; args=(11,)
(0.000) SELECT "api_user"."id", "api_user"."password", "api_user"."last_login", "api_user"."is_superuser", "api_user"."username", "api_user"."first_name", "api_user"."last_name", "api_user"."email", "api_user"."is_staff", "api_user"."is_active", "api_user"."date_joined" FROM "api_user" WHERE "api_user"."id" = 11; args=(11,)
(0.000) SELECT "api_user"."id", "api_user"."password", "api_user"."last_login", "api_user"."is_superuser", "api_user"."username", "api_user"."first_name", "api_user"."last_name", "api_user"."email", "api_user"."is_staff", "api_user"."is_active", "api_user"."date_joined" FROM "api_user" WHERE "api_user"."id" = 11; args=(11,)
(0.001) SELECT "api_user"."id", "api_user"."password", "api_user"."last_login", "api_user"."is_superuser", "api_user"."username", "api_user"."first_name", "api_user"."last_name", "api_user"."email", "api_user"."is_staff", "api_user"."is_active", "api_user"."date_joined" FROM "api_user" WHERE "api_user"."id" = 1; args=(1,)
[mHTTP POST /graphql/ 200 [0.06, 127.0.0.1:48730][0m
(0.001) SELECT "api_user"."id", "api_user"."password", "api_user"."last_login", "api_user"."is_superuser", "api_user"."username", "api_user"."first_name", "api_user"."last_name", "api_user"."email", "api_user"."is_staff", "api_user"."is_active", "api_user"."date_joined" FROM "api_user" WHERE "api_user"."username" = 'admin'; args=('admin',)
(0.000) SELECT "api_channel"."id", "api_channel"."name", "api_channel"."direct_type", "api_channel"."server_id", "api_channel"."user_one_id", "api_channel"."user_two_id" FROM "api_channel" WHERE "api_channel"."id" = 5; args=(5,)
(0.000) SELECT "api_message"."id", "api_message"."text", "api_message"."date", "api_message"."channel_id", "api_message"."user_id" FROM "api_message" WHERE "api_message"."channel_id" = 5; args=(5,)
(0.000) SELECT "api_user"."id", "api_user"."password", "api_user"."last_login", "api_user"."is_superuser", "api_user"."username", "api_user"."first_name", "api_user"."last_name", "api_user"."email", "api_user"."is_staff", "api_user"."is_active", "api_user"."date_joined" FROM "api_user" WHERE "api_user"."id" = 11; args=(11,)
(0.000) SELECT "api_user"."id", "api_user"."password", "api_user"."last_login", "api_user"."is_superuser", "api_user"."username", "api_user"."first_name", "api_user"."last_name", "api_user"."email", "api_user"."is_staff", "api_user"."is_active", "api_user"."date_joined" FROM "api_user" WHERE "api_user"."id" = 11; args=(11,)
(0.000) SELECT "api_user"."id", "api_user"."password", "api_user"."last_login", "api_user"."is_superuser", "api_user"."username", "api_user"."first_name", "api_user"."last_name", "api_user"."email", "api_user"."is_staff", "api_user"."is_active", "api_user"."date_joined" FROM "api_user" WHERE "api_user"."id" = 11; args=(11,)
[mHTTP POST /graphql/ 200 [0.02, 127.0.0.1:48730][0m
WebSocket DISCONNECT /ws/channel/6/ [127.0.0.1:48744]
WebSocket HANDSHAKING /ws/channel/5/ [127.0.0.1:48750]
(0.003) SELECT "django_session"."session_key", "django_session"."session_data", "django_session"."expire_date" FROM "django_session" WHERE ("django_session"."expire_date" > '2019-03-23 09:29:01.756865' AND "django_session"."session_key" = 'n1nhfpprhffyiqs2qt7kb4n8f8t909lc'); args=('2019-03-23 09:29:01.756865', 'n1nhfpprhffyiqs2qt7kb4n8f8t909lc')
(0.001) SELECT "api_user"."id", "api_user"."password", "api_user"."last_login", "api_user"."is_superuser", "api_user"."username", "api_user"."first_name", "api_user"."last_name", "api_user"."email", "api_user"."is_staff", "api_user"."is_active", "api_user"."date_joined" FROM "api_user" WHERE "api_user"."id" = 1; args=(1,)
WebSocket DISCONNECT /ws/channel/5/ [127.0.0.1:48750]
(0.003) SELECT "api_user"."id", "api_user"."password", "api_user"."last_login", "api_user"."is_superuser", "api_user"."username", "api_user"."first_name", "api_user"."last_name", "api_user"."email", "api_user"."is_staff", "api_user"."is_active", "api_user"."date_joined" FROM "api_user" WHERE "api_user"."username" = 'admin'; args=('admin',)
(0.002) SELECT "api_user"."id", "api_user"."password", "api_user"."last_login", "api_user"."is_superuser", "api_user"."username", "api_user"."first_name", "api_user"."last_name", "api_user"."email", "api_user"."is_staff", "api_user"."is_active", "api_user"."date_joined" FROM "api_user" WHERE "api_user"."username" = 'admin'; args=('admin',)
(0.000) SELECT "api_user"."id", "api_user"."password", "api_user"."last_login", "api_user"."is_superuser", "api_user"."username", "api_user"."first_name", "api_user"."last_name", "api_user"."email", "api_user"."is_staff", "api_user"."is_active", "api_user"."date_joined" FROM "api_user" INNER JOIN "api_user_friends" ON ("api_user"."id" = "api_user_friends"."to_user_id") WHERE "api_user_friends"."from_user_id" = 1; args=(1,)
(0.001) SELECT "api_server"."id", "api_server"."name", "api_server"."user_adding_right" FROM "api_server" INNER JOIN "api_right" ON ("api_server"."id" = "api_right"."server_id") WHERE "api_right"."user_id" = 1; args=(1,)
[mHTTP POST /graphql/ 200 [0.01, 127.0.0.1:48730][0m
(0.001) SELECT "api_channel"."id", "api_channel"."name", "api_channel"."direct_type", "api_channel"."server_id", "api_channel"."user_one_id", "api_channel"."user_two_id" FROM "api_channel" WHERE "api_channel"."server_id" = 3; args=(3,)
[mHTTP POST /graphql/ 200 [0.01, 127.0.0.1:48732][0m
WebSocket HANDSHAKING /ws/channel/5/ [127.0.0.1:48772]
(0.001) SELECT "django_session"."session_key", "django_session"."session_data", "django_session"."expire_date" FROM "django_session" WHERE ("django_session"."expire_date" > '2019-03-23 09:29:21.307482' AND "django_session"."session_key" = 'n1nhfpprhffyiqs2qt7kb4n8f8t909lc'); args=('2019-03-23 09:29:21.307482', 'n1nhfpprhffyiqs2qt7kb4n8f8t909lc')
(0.000) SELECT "api_user"."id", "api_user"."password", "api_user"."last_login", "api_user"."is_superuser", "api_user"."username", "api_user"."first_name", "api_user"."last_name", "api_user"."email", "api_user"."is_staff", "api_user"."is_active", "api_user"."date_joined" FROM "api_user" WHERE "api_user"."id" = 1; args=(1,)
WebSocket DISCONNECT /ws/channel/5/ [127.0.0.1:48772]
(0.002) SELECT "api_user"."id", "api_user"."password", "api_user"."last_login", "api_user"."is_superuser", "api_user"."username", "api_user"."first_name", "api_user"."last_name", "api_user"."email", "api_user"."is_staff", "api_user"."is_active", "api_user"."date_joined" FROM "api_user" WHERE "api_user"."username" = 'admin'; args=('admin',)
(0.003) SELECT "api_user"."id", "api_user"."password", "api_user"."last_login", "api_user"."is_superuser", "api_user"."username", "api_user"."first_name", "api_user"."last_name", "api_user"."email", "api_user"."is_staff", "api_user"."is_active", "api_user"."date_joined" FROM "api_user" WHERE "api_user"."username" = 'admin'; args=('admin',)
(0.000) SELECT "api_user"."id", "api_user"."password", "api_user"."last_login", "api_user"."is_superuser", "api_user"."username", "api_user"."first_name", "api_user"."last_name", "api_user"."email", "api_user"."is_staff", "api_user"."is_active", "api_user"."date_joined" FROM "api_user" INNER JOIN "api_user_friends" ON ("api_user"."id" = "api_user_friends"."to_user_id") WHERE "api_user_friends"."from_user_id" = 1; args=(1,)
[mHTTP POST /graphql/ 200 [0.02, 127.0.0.1:48730][0m
(0.003) SELECT "api_server"."id", "api_server"."name", "api_server"."user_adding_right" FROM "api_server" INNER JOIN "api_right" ON ("api_server"."id" = "api_right"."server_id") WHERE "api_right"."user_id" = 1; args=(1,)
(0.001) SELECT "api_channel"."id", "api_channel"."name", "api_channel"."direct_type", "api_channel"."server_id", "api_channel"."user_one_id", "api_channel"."user_two_id" FROM "api_channel" WHERE "api_channel"."server_id" = 3; args=(3,)
[mHTTP POST /graphql/ 200 [0.02, 127.0.0.1:48732][0m
WebSocket HANDSHAKING /ws/channel/5/ [127.0.0.1:48784]
(0.001) SELECT "django_session"."session_key", "django_session"."session_data", "django_session"."expire_date" FROM "django_session" WHERE ("django_session"."expire_date" > '2019-03-23 09:29:31.176487' AND "django_session"."session_key" = 'n1nhfpprhffyiqs2qt7kb4n8f8t909lc'); args=('2019-03-23 09:29:31.176487', 'n1nhfpprhffyiqs2qt7kb4n8f8t909lc')
(0.000) SELECT "api_user"."id", "api_user"."password", "api_user"."last_login", "api_user"."is_superuser", "api_user"."username", "api_user"."first_name", "api_user"."last_name", "api_user"."email", "api_user"."is_staff", "api_user"."is_active", "api_user"."date_joined" FROM "api_user" WHERE "api_user"."id" = 1; args=(1,)
WebSocket DISCONNECT /ws/channel/5/ [127.0.0.1:48784]
